<?xml version="1.0" encoding="UTF-8"?>
<!-- Generated by org.testng.reporters.JUnitXMLReporter -->
<testsuite hostname="DESKTOP-L33J1GP" ignored="0" name="BankingApp Test" tests="2" failures="0" timestamp="07 Mar 2020 12:42:02 GMT" time="86.113" errors="0">
  <testcase name="loginTest" time="5.805" classname="com.inetbanking.testCases.TC_LoginTest_001"/>
  <testcase name="addNewCustomer" time="18.057" classname="com.inetbanking.testCases.TC_AddCustomerTest_003"/>
</testsuite> <!-- BankingApp Test -->
