<?xml version="1.0" encoding="UTF-8"?>
<testng-results skipped="0" failed="0" ignored="0" total="2" passed="2">
  <reporter-output>
  </reporter-output>
  <suite name="InetBankingV1" duration-ms="66924" started-at="2020-03-07T12:49:31Z" finished-at="2020-03-07T12:50:38Z">
    <groups>
    </groups>
    <test name="BankingApp Test" duration-ms="66924" started-at="2020-03-07T12:49:31Z" finished-at="2020-03-07T12:50:38Z">
      <class name="com.inetbanking.testCases.TC_LoginTest_001">
        <test-method status="PASS" signature="setup(java.lang.String)[pri:0, instance:com.inetbanking.testCases.TC_LoginTest_001@5442a311]" name="setup" is-config="true" duration-ms="28580" started-at="2020-03-07T12:49:32Z" finished-at="2020-03-07T12:50:00Z">
          <params>
            <param index="0">
              <value>
                <![CDATA[chrome]]>
              </value>
            </param>
          </params>
          <reporter-output>
          </reporter-output>
        </test-method> <!-- setup -->
        <test-method status="PASS" signature="loginTest()[pri:0, instance:com.inetbanking.testCases.TC_LoginTest_001@5442a311]" name="loginTest" duration-ms="2839" started-at="2020-03-07T12:50:00Z" finished-at="2020-03-07T12:50:03Z">
          <reporter-output>
          </reporter-output>
        </test-method> <!-- loginTest -->
        <test-method status="PASS" signature="tearDown()[pri:0, instance:com.inetbanking.testCases.TC_LoginTest_001@5442a311]" name="tearDown" is-config="true" duration-ms="1531" started-at="2020-03-07T12:50:03Z" finished-at="2020-03-07T12:50:05Z">
          <reporter-output>
          </reporter-output>
        </test-method> <!-- tearDown -->
      </class> <!-- com.inetbanking.testCases.TC_LoginTest_001 -->
      <class name="com.inetbanking.testCases.TC_AddCustomerTest_003">
        <test-method status="PASS" signature="setup(java.lang.String)[pri:0, instance:com.inetbanking.testCases.TC_AddCustomerTest_003@548e7350]" name="setup" is-config="true" duration-ms="13925" started-at="2020-03-07T12:50:05Z" finished-at="2020-03-07T12:50:19Z">
          <params>
            <param index="0">
              <value>
                <![CDATA[chrome]]>
              </value>
            </param>
          </params>
          <reporter-output>
          </reporter-output>
        </test-method> <!-- setup -->
        <test-method status="PASS" signature="addNewCustomer()[pri:0, instance:com.inetbanking.testCases.TC_AddCustomerTest_003@548e7350]" name="addNewCustomer" duration-ms="18082" started-at="2020-03-07T12:50:19Z" finished-at="2020-03-07T12:50:37Z">
          <reporter-output>
          </reporter-output>
        </test-method> <!-- addNewCustomer -->
        <test-method status="PASS" signature="tearDown()[pri:0, instance:com.inetbanking.testCases.TC_AddCustomerTest_003@548e7350]" name="tearDown" is-config="true" duration-ms="1233" started-at="2020-03-07T12:50:37Z" finished-at="2020-03-07T12:50:38Z">
          <reporter-output>
          </reporter-output>
        </test-method> <!-- tearDown -->
      </class> <!-- com.inetbanking.testCases.TC_AddCustomerTest_003 -->
    </test> <!-- BankingApp Test -->
  </suite> <!-- InetBankingV1 -->
</testng-results>
