<?xml version="1.0" encoding="UTF-8"?>
<testng-results skipped="0" failed="0" ignored="0" total="2" passed="2">
  <reporter-output>
  </reporter-output>
  <suite name="InetBankingV1" duration-ms="86113" started-at="2020-03-07T12:40:35Z" finished-at="2020-03-07T12:42:01Z">
    <groups>
    </groups>
    <test name="BankingApp Test" duration-ms="86113" started-at="2020-03-07T12:40:35Z" finished-at="2020-03-07T12:42:01Z">
      <class name="com.inetbanking.testCases.TC_LoginTest_001">
        <test-method status="PASS" signature="setup(java.lang.String)[pri:0, instance:com.inetbanking.testCases.TC_LoginTest_001@7e0ea639]" name="setup" is-config="true" duration-ms="34901" started-at="2020-03-07T12:40:36Z" finished-at="2020-03-07T12:41:11Z">
          <params>
            <param index="0">
              <value>
                <![CDATA[chrome]]>
              </value>
            </param>
          </params>
          <reporter-output>
          </reporter-output>
        </test-method> <!-- setup -->
        <test-method status="PASS" signature="loginTest()[pri:0, instance:com.inetbanking.testCases.TC_LoginTest_001@7e0ea639]" name="loginTest" duration-ms="5805" started-at="2020-03-07T12:41:11Z" finished-at="2020-03-07T12:41:17Z">
          <reporter-output>
          </reporter-output>
        </test-method> <!-- loginTest -->
        <test-method status="PASS" signature="tearDown()[pri:0, instance:com.inetbanking.testCases.TC_LoginTest_001@7e0ea639]" name="tearDown" is-config="true" duration-ms="1161" started-at="2020-03-07T12:41:17Z" finished-at="2020-03-07T12:41:18Z">
          <reporter-output>
          </reporter-output>
        </test-method> <!-- tearDown -->
      </class> <!-- com.inetbanking.testCases.TC_LoginTest_001 -->
      <class name="com.inetbanking.testCases.TC_AddCustomerTest_003">
        <test-method status="PASS" signature="setup(java.lang.String)[pri:0, instance:com.inetbanking.testCases.TC_AddCustomerTest_003@3d24753a]" name="setup" is-config="true" duration-ms="23614" started-at="2020-03-07T12:41:18Z" finished-at="2020-03-07T12:41:42Z">
          <params>
            <param index="0">
              <value>
                <![CDATA[chrome]]>
              </value>
            </param>
          </params>
          <reporter-output>
          </reporter-output>
        </test-method> <!-- setup -->
        <test-method status="PASS" signature="addNewCustomer()[pri:0, instance:com.inetbanking.testCases.TC_AddCustomerTest_003@3d24753a]" name="addNewCustomer" duration-ms="18057" started-at="2020-03-07T12:41:42Z" finished-at="2020-03-07T12:42:00Z">
          <reporter-output>
          </reporter-output>
        </test-method> <!-- addNewCustomer -->
        <test-method status="PASS" signature="tearDown()[pri:0, instance:com.inetbanking.testCases.TC_AddCustomerTest_003@3d24753a]" name="tearDown" is-config="true" duration-ms="1507" started-at="2020-03-07T12:42:00Z" finished-at="2020-03-07T12:42:01Z">
          <reporter-output>
          </reporter-output>
        </test-method> <!-- tearDown -->
      </class> <!-- com.inetbanking.testCases.TC_AddCustomerTest_003 -->
    </test> <!-- BankingApp Test -->
  </suite> <!-- InetBankingV1 -->
</testng-results>
